Arguments: 
  /opt/homebrew/Cellar/node/18.6.0/bin/node /opt/homebrew/Cellar/yarn/1.22.19/libexec/bin/yarn.js add @gasket

PATH: 
  /opt/homebrew/bin:/opt/homebrew/sbin:/usr/local/bin:/usr/bin:/bin:/usr/sbin:/sbin:/opt/homebrew/bin:/opt/homebrew/sbin

Yarn version: 
  1.22.19

Node version: 
  18.6.0

Platform: 
  darwin arm64

Trace: 
  Error: https://registry.npmjs.org/@gasket: Request "https://registry.npmjs.org/@gasket" returned a 405
      at params.callback [as _callback] (/opt/homebrew/Cellar/yarn/1.22.19/libexec/lib/cli.js:66154:18)
      at self.callback (/opt/homebrew/Cellar/yarn/1.22.19/libexec/lib/cli.js:140890:22)
      at Request.emit (node:events:513:28)
      at Request.<anonymous> (/opt/homebrew/Cellar/yarn/1.22.19/libexec/lib/cli.js:141862:10)
      at Request.emit (node:events:513:28)
      at IncomingMessage.<anonymous> (/opt/homebrew/Cellar/yarn/1.22.19/libexec/lib/cli.js:141784:12)
      at Object.onceWrapper (node:events:627:28)
      at IncomingMessage.emit (node:events:525:35)
      at endReadableNT (node:internal/streams/readable:1359:12)
      at process.processTicksAndRejections (node:internal/process/task_queues:82:21)

npm manifest: 
  {
    "name": "bootcamp-shopping-cart",
    "version": "0.0.0",
    "description": "A basic gasket app",
    "scripts": {
      "build": "gasket build",
      "start": "gasket start",
      "local": "gasket local",
      "test": "jest",
      "test:watch": "jest --watchAll",
      "test:coverage": "jest --coverage"
    },
    "dependencies": {
      "@gasket/assets": "^6.0.12",
      "@gasket/cli": "^6.3.0",
      "@gasket/log": "^6.1.0",
      "@gasket/nextjs": "^6.4.0",
      "@gasket/plugin-jest": "^6.0.12",
      "@gasket/preset-nextjs": "^6.4.0",
      "@gasket/redux": "^6.1.0",
      "@material-ui/core": "^4.11.4",
      "@material-ui/icons": "^4.11.2",
      "express": "^4.16.3",
      "jss": "^10.9.0",
      "lodash.merge": "^4.6.0",
      "next": "^10.2.0",
      "next-redux-wrapper": "^6.0.1",
      "prop-types": "^15.7.2",
      "react": "^17.0.1",
      "react-dom": "^17.0.1",
      "react-redux": "^7.1.0",
      "redux": "^4.0.5"
    },
    "devDependencies": {
      "enzyme": "^3.11.0",
      "enzyme-adapter-react-16": "^1.15.5",
      "jest": "^26.6.3",
      "webpack": "^5.21.2",
      "cypress": "^10.3.0"
    }
  }

yarn manifest: 
  No manifest

Lockfile: 
  No lockfile
